-------------------------------------------------------------------------------
Test set: com.hiddenwaves.VueblogApplicationTests
-------------------------------------------------------------------------------
Tests run: 1, Failures: 0, Errors: 1, Skipped: 0, Time elapsed: 0.575 s <<< FAILURE! - in com.hiddenwaves.VueblogApplicationTests
com.hiddenwaves.VueblogApplicationTests  Time elapsed: 0.573 s  <<< ERROR!
java.lang.IllegalStateException: Unable to find a @SpringBootConfiguration, you need to use @ContextConfiguration or @SpringBootTest(classes=...) with your test

